<?xml version="1.0" encoding="UTF-8"?>
<testng-results ignored="0" total="1" passed="1" failed="0" skipped="0">
  <reporter-output>
  </reporter-output>
  <suite started-at="2025-01-21T15:07:17 IST" name="Suite" finished-at="2025-01-21T15:07:57 IST" duration-ms="39771">
    <groups>
    </groups>
    <test started-at="2025-01-21T15:07:17 IST" name="Test" finished-at="2025-01-21T15:07:57 IST" duration-ms="39771">
      <class name="com_TestCases.TC_01_Luma_Registration">
        <test-method is-config="true" signature="openApplication(java.lang.String,java.lang.String)[pri:0, instance:com_TestCases.TC_01_Luma_Registration@43ee72e6]" started-at="2025-01-21T15:07:18 IST" name="openApplication" finished-at="2025-01-21T15:07:36 IST" duration-ms="17808" status="PASS">
          <params>
            <param index="0">
              <value>
                <![CDATA[chrome]]>
              </value>
            </param>
            <param index="1">
              <value>
                <![CDATA[https://magento.softwaretestingboard.com/]]>
              </value>
            </param>
          </params>
          <reporter-output>
          </reporter-output>
        </test-method> <!-- openApplication -->
        <test-method signature="LumaRegistration()[pri:0, instance:com_TestCases.TC_01_Luma_Registration@43ee72e6]" started-at="2025-01-21T15:07:36 IST" name="LumaRegistration" finished-at="2025-01-21T15:07:57 IST" duration-ms="20258" status="PASS">
          <reporter-output>
          </reporter-output>
        </test-method> <!-- LumaRegistration -->
      </class> <!-- com_TestCases.TC_01_Luma_Registration -->
    </test> <!-- Test -->
  </suite> <!-- Suite -->
</testng-results>
